<?xml version="1.0" encoding="UTF-8"?>
<!-- Generated by org.testng.reporters.JUnitReportReporter -->
<testsuite hostname="IN-PG02NM6E" failures="0" tests="4" name="Flipkart.Flipkart.Test_AllTestCases" time="18.060" errors="0" timestamp="2023-01-09T19:18:09 IST" skipped="0">
  <testcase classname="Flipkart.Flipkart.Test_AllTestCases" name="first" time="4.844"/>
  <system-out/>
  <testcase classname="Flipkart.Flipkart.Test_AllTestCases" name="second" time="3.150"/>
  <system-out/>
  <testcase classname="Flipkart.Flipkart.Test_AllTestCases" name="Third" time="6.211"/>
  <system-out/>
  <testcase classname="Flipkart.Flipkart.Test_AllTestCases" name="fifth" time="3.855"/>
  <system-out/>
</testsuite> <!-- Flipkart.Flipkart.Test_AllTestCases -->
