<?xml version="1.0" encoding="UTF-8"?>
<!-- Generated by org.testng.reporters.JUnitReportReporter -->
<testsuite hostname="IN-PG02NM6E" failures="0" tests="6" name="Flipkart.Flipkart.TestHeader" time="62.565" errors="0" timestamp="2023-01-09T19:18:09 IST" skipped="0">
  <testcase classname="Flipkart.Flipkart.TestHeader" name="HeaderTest" time="5.720"/>
  <system-out/>
  <testcase classname="Flipkart.Flipkart.TestHeader" name="electronic" time="13.974"/>
  <system-out/>
  <testcase classname="Flipkart.Flipkart.TestHeader" name="beauty" time="5.434"/>
  <system-out/>
  <testcase classname="Flipkart.Flipkart.TestHeader" name="offer" time="9.221"/>
  <system-out/>
  <testcase classname="Flipkart.Flipkart.TestHeader" name="BecameSeller" time="22.628"/>
  <system-out/>
  <testcase classname="Flipkart.Flipkart.TestHeader" name="TwoWhellers" time="5.588"/>
  <system-out/>
</testsuite> <!-- Flipkart.Flipkart.TestHeader -->
